27 4 2562101
16 2 2553732
14 1 1048663
17 9 1409852
15 9 71744
7 11 282434
6 7 212429
27 7 326333
12 1 1856993
13 3 608244
20 5 514061
28 3 388300
27 8 1744296
25 3 1729793
21 1 2423833
9 6 1194013
26 11 2006538
26 5 1654406
20 6 827489
23 4 1706841
28 6 1102857
2 3 119074
1 9 830355
9 5 378696
14 5 2504765
2 7 1986127
5 5 2362597
4 8 530504
14 1 1491562
13 1 1534251
1 5 2420305
2 5 1093285
30 8 1182655
30 10 2502808
1 2 2072142
22 6 1899828
8 7 2665514
30 4 983484
29 1 2459377
11 5 1933513
27 2 1073376
21 2 275901
18 3 2585095
26 10 1568689
13 11 927290
1 12 414521
24 3 378760
6 9 72113
26 2 172859
20 10 1548773
24 4 1822540
13 8 378564
2 8 1871695
29 3 1940572
25 7 1165324
5 6 398105
29 3 1672811
23 10 1378117
8 10 892018
15 5 1015557
15 11 1562600
18 6 917855
31 12 296122
19 1 6710
11 10 200805
10 4 1712853
10 10 2656625
29 11 824214
21 10 1170661
16 2 443355
5 3 2065211
27 10 2115531
29 7 995761
8 10 2426928
18 6 758041
7 4 2229165
25 7 2688533
26 3 1875722
11 10 2527530
5 8 872461
14 11 741760
9 3 2575585
30 4 996366
12 6 1679692
16 3 1784846
4 3 2078156
16 7 121935
3 4 2559366
27 11 1894415
22 7 2389583
14 11 275727
4 11 1097792
14 3 987987
30 5 26604
25 2 253069
21 4 2484269
17 9 1579584
10 11 1728237
30 12 2580491
15 12 508030
