9703
14670
18028
21532
26779
31699
32771
34915
36707
37779
42588
45172
49882
54042
61104
70579
78895
88650
94786
104646
112301
114445
122452
132120
136856
141409
143261
146379
149342
159951
161516
167240
172857
177627
185291
189504
191069
194048
197696
204818
207644
215082
217122
221585
229432
236611
241786
246445
254825
259526
265749
266821
274406
277293
287530
294708
300686
307362
313611
320927
327151
331737
342357
346711
347783
353684
354881
365112
368061
377480
382749
389004
393438
402717
410015
415872
418016
