Case #1: 4 1
Case #2: 236 16
Case #3: 976 43
Case #4: 948 18
Case #5: 965 31
Case #6: 888 29
Case #7: 1000 1000
Case #8: 230 230
Case #9: 0 0
Case #10: 656 656
Case #11: 346 10
Case #12: 944 13
Case #13: 978 35
Case #14: 841 36
Case #15: 310 13
Case #16: 0 0
Case #17: 964 20
Case #18: 149 12
Case #19: 661 19
Case #20: 969 20
Case #21: 0 0
Case #22: 0 0
Case #23: 352 35
Case #24: 982 42
Case #25: 256 6
Case #26: 991 45
Case #27: 0 0
Case #28: 114 11
Case #29: 144 2
Case #30: 0 0
Case #31: 821 821
Case #32: 756 31
Case #33: 962 25
Case #34: 992 49
Case #35: 879 35
Case #36: 243 4
Case #37: 786 26
Case #38: 966 10
Case #39: 0 0
Case #40: 148 16
Case #41: 948 6
Case #42: 0 0
Case #43: 676 676
Case #44: 202 12
Case #45: 953 13
Case #46: 67 7
Case #47: 689 30
Case #48: 985 27
Case #49: 964 29
Case #50: 954 24