Case #1: 5 3
Case #2: 0 0
Case #3: 5 2
Case #4: 2 1
Case #5: 10 10
Case #6: 7 1
Case #7: 0 0
Case #8: 1 1
Case #9: 8 4
Case #10: 6 2
Case #11: 0 0
Case #12: 0 0
Case #13: 0 0
Case #14: 0 0
Case #15: 7 0
Case #16: 6 1
Case #17: 8 4
Case #18: 6 1
Case #19: 6 4
Case #20: 4 0
Case #21: 10 4
Case #22: 8 4
Case #23: 6 1
Case #24: 8 4
Case #25: 1 1
Case #26: 7 1
Case #27: 0 0
Case #28: 5 1
Case #29: 8 4
Case #30: 9 9
Case #31: 10 4
Case #32: 0 0
Case #33: 7 2
Case #34: 10 6
Case #35: 7 7
Case #36: 10 5
Case #37: 10 10
Case #38: 4 3
Case #39: 4 2
Case #40: 9 4
Case #41: 8 2
Case #42: 0 0
Case #43: 10 10
Case #44: 6 1
Case #45: 9 3
Case #46: 0 0
Case #47: 10 10
Case #48: 9 4
Case #49: 0 0
Case #50: 6 2